<?xml version="1.0" encoding="UTF-8"?>
<testsuite name="com.tns.reto3.PesoTest" tests="6" skipped="4" failures="0" errors="0" timestamp="2018-01-02T13:50:04" hostname="Vostro14-GustavoD" time="0.003">
  <properties/>
  <testcase name="ordenarVectorPesosNullo" classname="com.tns.reto3.PesoTest" time="0.002"/>
  <testcase name="ordenarVectorPesosVacio" classname="com.tns.reto3.PesoTest" time="0.0"/>
  <testcase name="sumarPesoCadenaCien" classname="com.tns.reto3.PesoTest" time="0.0">
    <skipped/>
  </testcase>
  <testcase name="sumarPesoCadenaNulla" classname="com.tns.reto3.PesoTest" time="0.0">
    <skipped/>
  </testcase>
  <testcase name="sumarPesoCadenaVacia" classname="com.tns.reto3.PesoTest" time="0.0">
    <skipped/>
  </testcase>
  <testcase name="sumarPesoCadena99" classname="com.tns.reto3.PesoTest" time="0.0">
    <skipped/>
  </testcase>
  <system-out><![CDATA[]]></system-out>
  <system-err><![CDATA[]]></system-err>
</testsuite>
